********************************************************************************
PACKAGE-LOG: 2016-09-02 15:23:51
NOTICE: Do NOT post to public sites or forums 
********************************************************************************
VERSION:	1.1.16
WORDPRESS:	4.6
PHP INFO:	5.6.19 | SAPI: apache2handler
SERVER:		Apache/2.4.18 (Win64) PHP/5.6.19 
PHP TIME LIMIT: (0) no time limit imposed 
PHP MAX MEMORY: 2048M (128M default) 
MEMORY STACK: 35.25MB 

********************************************************************************
DATABASE:
********************************************************************************
BUILD MODE:   PHP(query limit - 100)
MYSQLTIMEOUT: 5000
MYSQLDUMP:    Is Supported 
TABLES: total:33 | filtered:0 | create:33 
FILTERED: [] 
SQL CREATED: saveFeynman_57c99982e5f632182160902152346_database.sql 
SQL FILE SIZE: 1.81MB (1902499) 
SQL FILE TIME: 2016-09-02 15:23:52 
SQL RUNTIME: 0.92 sec. 

******************************************************************************** 
ARCHIVE (ZIP): 
******************************************************************************** 
ARCHIVE DIR:  C:/wamp64/www/beans_uikit 
ARCHIVE FILE: saveFeynman_57c99982e5f632182160902152346_archive.zip 
FILTERS: *OFF* 
DIRS:  not set 
EXTS:  not set 
---------------------------------------- 
COMPRESSING 
SIZE:	53.51MB 
STATS:	Dirs 270 | Files 2,872 
SQL ADDED: saveFeynman_57c99982e5f632182160902152346_database.sql 
ZipArchive Object
(
    [status] => 0
    [statusSys] => 0
    [numFiles] => 3142
    [filename] => C:\wamp64\www\beans_uikit\wp-snapshots\tmp\saveFeynman_57c99982e5f632182160902152346_archive.zip
    [comment] => 
)
 
COMPRESSION RESULT: '1' 
COMPRESSED SIZE: 33.25MB 
ARCHIVE RUNTIME: 5.08 sec. 
MEMORY STACK: 36.5MB 

******************************************************************************** 
MAKE INSTALLER: 
******************************************************************************** 
Build Start 
Build Finished 
Preping for use 
Template parsed with new data 
Complete [C:/wamp64/www/beans_uikit/wp-snapshots/tmp/saveFeynman_57c99982e5f632182160902152346_installer.php] 
Added to archive 

******************************************************************************** 
INTEGRITY CHECKS: 
******************************************************************************** 
SQL File: 1.81MB 
Installer File: 347.58KB 
Archive File: 33.25MB  

********************************************************************************
RECORD ID:[1]
TOTAL PROCESS RUNTIME: 6.17 sec.
PEAK PHP MEMORY USED: 39MB
DONE PROCESSING => saveFeynman 2016-09-02 15:23:57
 
